<!DOCTYPE html PUBLIC "-//W3C//DTD XHTML 1.1//EN" "http://www.w3.org/TR/xhtml11/DTD/xhtml11.dtd">
<html xmlns="http://www.w3.org/1999/xhtml"><head><title>TestNG Report</title><style type="text/css">table {margin-bottom:10px;border-collapse:collapse;empty-cells:show}th,td {border:1px solid #009;padding:.25em .5em}th {vertical-align:bottom}td {vertical-align:top}table a {font-weight:bold}.stripe td {background-color: #E6EBF9}.num {text-align:right}.passedodd td {background-color: #3F3}.passedeven td {background-color: #0A0}.skippedodd td {background-color: #DDD}.skippedeven td {background-color: #CCC}.failedodd td,.attn {background-color: #F33}.failedeven td,.stripe .attn {background-color: #D00}.stacktrace {white-space:pre;font-family:monospace}.totop {font-size:85%;text-align:center;border-bottom:2px solid #000}</style></head><body><table><tr><th>Test</th><th># Passed</th><th># Skipped</th><th># Failed</th><th>Time (ms)</th><th>Included Groups</th><th>Excluded Groups</th></tr><tr><th colspan="7">null</th></tr><tr><td><a href="#t0">Sanity Tests</a></td><td class="num">2</td><td class="num">0</td><td class="num attn">3</td><td class="num">55,753</td><td></td><td></td></tr></table><table><thead><tr><th>Class</th><th>Method</th><th>Start</th><th>Time (ms)</th></tr></thead><tbody><tr><th colspan="4">null</th></tr></tbody><tbody id="t0"><tr><th colspan="4">Sanity Tests &#8212; failed</th></tr><tr class="failedeven"><td rowspan="3">com.infrrd.roostify.testcase.HomePageTestCase</td><td><a href="#m0">checkEnablingOfGetMyOptionsButton</a></td><td rowspan="1">1508847683661</td><td rowspan="1">12029</td></tr><tr class="failedeven"><td><a href="#m1">validateOtherOptimizations</a></td><td rowspan="1">1508847696766</td><td rowspan="1">13489</td></tr><tr class="failedeven"><td><a href="#m2">validatingLeadForm</a></td><td rowspan="1">1508847716387</td><td rowspan="1">13316</td></tr><tr><th colspan="4">Sanity Tests &#8212; passed</th></tr><tr class="passedeven"><td rowspan="2">com.infrrd.roostify.testcase.HomePageTestCase</td><td><a href="#m3">validateZipCodeError</a></td><td rowspan="1">1508847711085</td><td rowspan="1">1272</td></tr><tr class="passedeven"><td><a href="#m4">validateZipCodeLookUp</a></td><td rowspan="1">1508847713186</td><td rowspan="1">2442</td></tr></tbody></table><h2>Sanity Tests</h2><h3 id="m0">com.infrrd.roostify.testcase.HomePageTestCase#checkEnablingOfGetMyOptionsButton</h3><table class="result"><tr><th>Messages</th></tr><tr><td><div class="messages">Starting test: Validating Get My Options is not enabled if madatory data is not filled<br/>Not able to locate element By.xpath: //button[contains(text(),'Get My options')] due to org.openqa.selenium.TimeoutException: Expected condition failed: waiting for visibility of element located by By.xpath: //button[contains(text(),'Get My options')] (tried for 10 second(s) with 500 MILLISECONDS interval)<br/>File path: C:\Users\E6430\Desktop\GitHub\roostify\src\test\resources\screenshots\24-10-2017_17-51-35-checkEnablingOfGetMyOptionsButton.png<br/><a href="C:\Users\E6430\Desktop\GitHub\roostify\src\test\resources\screenshots\24-10-2017_17-51-35-checkEnablingOfGetMyOptionsButton.png"><img src="file:///C:\Users\E6430\Desktop\GitHub\roostify\src\test\resources\screenshots\24-10-2017_17-51-35-checkEnablingOfGetMyOptionsButton.png" alt=""height='100' width='100'/> <br /><br/>Capturing image: C:\Users\E6430\Desktop\GitHub\roostify\src\test\resources\screenshots\24-10-2017_17-51-35-checkEnablingOfGetMyOptionsButton.png<br/>Validating Get My Options is not enabled if madatory data is not filled-- Test failed
</div></td></tr><tr><th>Exception</th></tr><tr><td><div class="stacktrace">java.lang.AssertionError: expected [true] but found [false]
	at com.infrrd.roostify.testcase.HomePageTestCase.checkEnablingOfGetMyOptionsButton(HomePageTestCase.java:86)
	at com.kroakyhub.testfrog.runner.TestFrog.run(TestFrog.java:30)
	at com.infrrd.roostify.runner.runner.main(runner.java:9)
... Removed 28 stack frames</div></td></tr></table><p class="totop"><a href="#summary">back to summary</a></p><h3 id="m1">com.infrrd.roostify.testcase.HomePageTestCase#validateOtherOptimizations</h3><table class="result"><tr><th>Messages</th></tr><tr><td><div class="messages">Starting test: Validating other optimizations section<br/>Changed value of element: [[ChromeDriver: chrome on XP (7f8941992d237241dcdb5d728908bd87)] -> xpath: //*[@aria-label ='Purchase Price']]<br/>Changed value of element: [[ChromeDriver: chrome on XP (7f8941992d237241dcdb5d728908bd87)] -> xpath: //*[@aria-label='Where is the property?']]<br/>Clicked on element: [[ChromeDriver: chrome on XP (7f8941992d237241dcdb5d728908bd87)] -> xpath: //*[@aria-label='Where is the property?']/following-sibling::div[@class='sb-zipcode-wrapper']//*[@role='option'][1]//li]<br/>Clicked on element: [[ChromeDriver: chrome on XP (7f8941992d237241dcdb5d728908bd87)] -> xpath: //*[@class='sb-advance-wrapper']]<br/>Clicked on element: [[ChromeDriver: chrome on XP (7f8941992d237241dcdb5d728908bd87)] -> xpath: //*[@for ='first_time_home_buyer']]<br/>Clicked on element: [[ChromeDriver: chrome on XP (7f8941992d237241dcdb5d728908bd87)] -> xpath: //*[@for ='military_service']]<br/>Changed value of element: [[ChromeDriver: chrome on XP (7f8941992d237241dcdb5d728908bd87)] -> xpath: //*[@aria-label='Monthly HOA Fees']]<br/>Not able to locate element By.xpath: //button[contains(text(),'Get My options')] due to org.openqa.selenium.TimeoutException: Expected condition failed: waiting for visibility of element located by By.xpath: //button[contains(text(),'Get My options')] (tried for 10 second(s) with 500 MILLISECONDS interval)<br/>File path: C:\Users\E6430\Desktop\GitHub\roostify\src\test\resources\screenshots\24-10-2017_17-51-50-validateOtherOptimizations.png<br/><a href="C:\Users\E6430\Desktop\GitHub\roostify\src\test\resources\screenshots\24-10-2017_17-51-50-validateOtherOptimizations.png"><img src="file:///C:\Users\E6430\Desktop\GitHub\roostify\src\test\resources\screenshots\24-10-2017_17-51-50-validateOtherOptimizations.png" alt=""height='100' width='100'/> <br /><br/>Capturing image: C:\Users\E6430\Desktop\GitHub\roostify\src\test\resources\screenshots\24-10-2017_17-51-50-validateOtherOptimizations.png<br/>Validating other optimizations section-- Test failed
</div></td></tr><tr><th>Exception</th></tr><tr><td><div class="stacktrace">java.lang.AssertionError: expected [true] but found [false]
	at com.infrrd.roostify.testcase.HomePageTestCase.validateOtherOptimizations(HomePageTestCase.java:72)
	at com.kroakyhub.testfrog.runner.TestFrog.run(TestFrog.java:30)
	at com.infrrd.roostify.runner.runner.main(runner.java:9)
... Removed 28 stack frames</div></td></tr></table><p class="totop"><a href="#summary">back to summary</a></p><h3 id="m2">com.infrrd.roostify.testcase.HomePageTestCase#validatingLeadForm</h3><table class="result"><tr><th>Messages</th></tr><tr><td><div class="messages">Starting test: Validating Lead form upon clicking get this loan button <br/>Changed value of element: [[ChromeDriver: chrome on XP (7f8941992d237241dcdb5d728908bd87)] -> xpath: //*[@aria-label ='Purchase Price']]<br/>Changed value of element: [[ChromeDriver: chrome on XP (7f8941992d237241dcdb5d728908bd87)] -> xpath: //*[@aria-label='Where is the property?']]<br/>Clicked on element: [[ChromeDriver: chrome on XP (7f8941992d237241dcdb5d728908bd87)] -> xpath: //*[@aria-label='Where is the property?']/following-sibling::div[@class='sb-zipcode-wrapper']//*[@role='option'][1]//li]<br/>Clicked on element: [[ChromeDriver: chrome on XP (7f8941992d237241dcdb5d728908bd87)] -> xpath: //*[@class='sb-advance-wrapper']]<br/>Clicked on element: [[ChromeDriver: chrome on XP (7f8941992d237241dcdb5d728908bd87)] -> xpath: //*[@for ='first_time_home_buyer']]<br/>Clicked on element: [[ChromeDriver: chrome on XP (7f8941992d237241dcdb5d728908bd87)] -> xpath: //*[@for ='military_service']]<br/>Changed value of element: [[ChromeDriver: chrome on XP (7f8941992d237241dcdb5d728908bd87)] -> xpath: //*[@aria-label='Monthly HOA Fees']]<br/>Not able to locate element By.xpath: //button[contains(text(),'Get My options')] due to org.openqa.selenium.TimeoutException: Expected condition failed: waiting for visibility of element located by By.xpath: //button[contains(text(),'Get My options')] (tried for 10 second(s) with 500 MILLISECONDS interval)<br/>File path: C:\Users\E6430\Desktop\GitHub\roostify\src\test\resources\screenshots\24-10-2017_17-52-09-validatingLeadForm.png<br/><a href="C:\Users\E6430\Desktop\GitHub\roostify\src\test\resources\screenshots\24-10-2017_17-52-09-validatingLeadForm.png"><img src="file:///C:\Users\E6430\Desktop\GitHub\roostify\src\test\resources\screenshots\24-10-2017_17-52-09-validatingLeadForm.png" alt=""height='100' width='100'/> <br /><br/>Capturing image: C:\Users\E6430\Desktop\GitHub\roostify\src\test\resources\screenshots\24-10-2017_17-52-09-validatingLeadForm.png<br/>Validating Lead form upon clicking get this loan button -- Test failed
</div></td></tr><tr><th>Exception</th></tr><tr><td><div class="stacktrace">java.lang.AssertionError: expected [true] but found [false]
	at com.infrrd.roostify.testcase.HomePageTestCase.validatingLeadForm(HomePageTestCase.java:79)
	at com.kroakyhub.testfrog.runner.TestFrog.run(TestFrog.java:30)
	at com.infrrd.roostify.runner.runner.main(runner.java:9)
... Removed 28 stack frames</div></td></tr></table><p class="totop"><a href="#summary">back to summary</a></p><h3 id="m3">com.infrrd.roostify.testcase.HomePageTestCase#validateZipCodeError</h3><table class="result"><tr><th>Messages</th></tr><tr><td><div class="messages">Starting test: Validating Zip code error block<br/>Changed value of element: [[ChromeDriver: chrome on XP (7f8941992d237241dcdb5d728908bd87)] -> xpath: //*[@aria-label='Where is the property?']]<br/>File path: C:\Users\E6430\Desktop\GitHub\roostify\src\test\resources\screenshots\24-10-2017_17-51-52-validateZipCodeError.png<br/><a href="C:\Users\E6430\Desktop\GitHub\roostify\src\test\resources\screenshots\24-10-2017_17-51-52-validateZipCodeError.png"><img src="file:///C:\Users\E6430\Desktop\GitHub\roostify\src\test\resources\screenshots\24-10-2017_17-51-52-validateZipCodeError.png" alt=""height='100' width='100'/> <br /><br/>Capturing image: C:\Users\E6430\Desktop\GitHub\roostify\src\test\resources\screenshots\24-10-2017_17-51-52-validateZipCodeError.png<br/>Validating Zip code error block-- Test passed
</div></td></tr></table><p class="totop"><a href="#summary">back to summary</a></p><h3 id="m4">com.infrrd.roostify.testcase.HomePageTestCase#validateZipCodeLookUp</h3><table class="result"><tr><th>Messages</th></tr><tr><td><div class="messages">Starting test: Validate zip code look up container<br/>Changed value of element: [[ChromeDriver: chrome on XP (7f8941992d237241dcdb5d728908bd87)] -> xpath: //*[@aria-label='Where is the property?']]<br/>Changed value of element: [[ChromeDriver: chrome on XP (7f8941992d237241dcdb5d728908bd87)] -> xpath: //*[@aria-label='Where is the property?']]<br/>Changed value of element: [[ChromeDriver: chrome on XP (7f8941992d237241dcdb5d728908bd87)] -> xpath: //*[@aria-label='Where is the property?']]<br/>Changed value of element: [[ChromeDriver: chrome on XP (7f8941992d237241dcdb5d728908bd87)] -> xpath: //*[@aria-label='Where is the property?']]<br/>Changed value of element: [[ChromeDriver: chrome on XP (7f8941992d237241dcdb5d728908bd87)] -> xpath: //*[@aria-label='Where is the property?']]<br/>Changed value of element: [[ChromeDriver: chrome on XP (7f8941992d237241dcdb5d728908bd87)] -> xpath: //*[@aria-label='Where is the property?']]<br/>File path: C:\Users\E6430\Desktop\GitHub\roostify\src\test\resources\screenshots\24-10-2017_17-51-55-validateZipCodeLookUp.png<br/><a href="C:\Users\E6430\Desktop\GitHub\roostify\src\test\resources\screenshots\24-10-2017_17-51-55-validateZipCodeLookUp.png"><img src="file:///C:\Users\E6430\Desktop\GitHub\roostify\src\test\resources\screenshots\24-10-2017_17-51-55-validateZipCodeLookUp.png" alt=""height='100' width='100'/> <br /><br/>Capturing image: C:\Users\E6430\Desktop\GitHub\roostify\src\test\resources\screenshots\24-10-2017_17-51-55-validateZipCodeLookUp.png<br/>Validate zip code look up container-- Test passed
</div></td></tr></table><p class="totop"><a href="#summary">back to summary</a></p></body></html>