<?xml version="1.0" encoding="UTF-8"?>
<!-- Generated by org.testng.reporters.JUnitXMLReporter -->
<testsuite hostname="DESKTOP-IEOF3HT" ignored="4" name="Sanity Tests" tests="5" failures="3" timestamp="24 Oct 2017 12:22:10 GMT" time="55.753" errors="0">
  <testcase name="checkEnablingOfGetMyOptionsButton" time="12.029" classname="com.infrrd.roostify.testcase.HomePageTestCase">
    <failure type="java.lang.AssertionError" message="expected [true] but found [false]">
      <![CDATA[java.lang.AssertionError: expected [true] but found [false]
	at com.infrrd.roostify.testcase.HomePageTestCase.checkEnablingOfGetMyOptionsButton(HomePageTestCase.java:86)
	at com.kroakyhub.testfrog.runner.TestFrog.run(TestFrog.java:30)
	at com.infrrd.roostify.runner.runner.main(runner.java:9)
... Removed 28 stack frames]]>
    </failure>
  </testcase> <!-- checkEnablingOfGetMyOptionsButton -->
  <testcase name="validateOtherOptimizations" time="13.489" classname="com.infrrd.roostify.testcase.HomePageTestCase">
    <failure type="java.lang.AssertionError" message="expected [true] but found [false]">
      <![CDATA[java.lang.AssertionError: expected [true] but found [false]
	at com.infrrd.roostify.testcase.HomePageTestCase.validateOtherOptimizations(HomePageTestCase.java:72)
	at com.kroakyhub.testfrog.runner.TestFrog.run(TestFrog.java:30)
	at com.infrrd.roostify.runner.runner.main(runner.java:9)
... Removed 28 stack frames]]>
    </failure>
  </testcase> <!-- validateOtherOptimizations -->
  <testcase name="validateZipCodeError" time="1.272" classname="com.infrrd.roostify.testcase.HomePageTestCase"/>
  <testcase name="validateZipCodeLookUp" time="2.442" classname="com.infrrd.roostify.testcase.HomePageTestCase"/>
  <testcase name="validatingLeadForm" time="13.316" classname="com.infrrd.roostify.testcase.HomePageTestCase">
    <failure type="java.lang.AssertionError" message="expected [true] but found [false]">
      <![CDATA[java.lang.AssertionError: expected [true] but found [false]
	at com.infrrd.roostify.testcase.HomePageTestCase.validatingLeadForm(HomePageTestCase.java:79)
	at com.kroakyhub.testfrog.runner.TestFrog.run(TestFrog.java:30)
	at com.infrrd.roostify.runner.runner.main(runner.java:9)
... Removed 28 stack frames]]>
    </failure>
  </testcase> <!-- validatingLeadForm -->
  <testcase name="validateGraphLegends" time="0.0" classname="com.infrrd.roostify.testcase.HomePageTestCase">
    <ignored/>
  </testcase> <!-- validateGraphLegends -->
  <testcase name="validateOptionsForPurchase" time="0.0" classname="com.infrrd.roostify.testcase.HomePageTestCase">
    <ignored/>
  </testcase> <!-- validateOptionsForPurchase -->
  <testcase name="validateOptionsForRefinance" time="0.0" classname="com.infrrd.roostify.testcase.HomePageTestCase">
    <ignored/>
  </testcase> <!-- validateOptionsForRefinance -->
  <testcase name="validateOptionsForRefinanceCashout" time="0.0" classname="com.infrrd.roostify.testcase.HomePageTestCase">
    <ignored/>
  </testcase> <!-- validateOptionsForRefinanceCashout -->
</testsuite> <!-- Sanity Tests -->
