<html>
<head>
<title>TestNG:  Sanity Tests</title>
<link href="../testng.css" rel="stylesheet" type="text/css" />
<link href="../my-testng.css" rel="stylesheet" type="text/css" />

<style type="text/css">
.log { display: none;} 
.stack-trace { display: none;} 
</style>
<script type="text/javascript">
<!--
function flip(e) {
  current = e.style.display;
  if (current == 'block') {
    e.style.display = 'none';
    return 0;
  }
  else {
    e.style.display = 'block';
    return 1;
  }
}

function toggleBox(szDivId, elem, msg1, msg2)
{
  var res = -1;  if (document.getElementById) {
    res = flip(document.getElementById(szDivId));
  }
  else if (document.all) {
    // this is the way old msie versions work
    res = flip(document.all[szDivId]);
  }
  if(elem) {
    if(res == 0) elem.innerHTML = msg1; else elem.innerHTML = msg2;
  }

}

function toggleAllBoxes() {
  if (document.getElementsByTagName) {
    d = document.getElementsByTagName('div');
    for (i = 0; i < d.length; i++) {
      if (d[i].className == 'log') {
        flip(d[i]);
      }
    }
  }
}

// -->
</script>

</head>
<body>
<h2 align='center'>Sanity Tests</h2><table border='1' align="center">
<tr>
<td>Tests passed/Failed/Skipped:</td><td>2/3/0</td>
</tr><tr>
<td>Started on:</td><td>Tue Oct 24 17:51:15 IST 2017</td>
</tr>
<tr><td>Total time:</td><td>55 seconds (55753 ms)</td>
</tr><tr>
<td>Included groups:</td><td></td>
</tr><tr>
<td>Excluded groups:</td><td></td>
</tr>
</table><p/>
<small><i>(Hover the method name to see the test class name)</i></small><p/>
<table width='100%' border='1' class='invocation-failed'>
<tr><td colspan='4' align='center'><b>FAILED TESTS</b></td></tr>
<tr><td><b>Test method</b></td>
<td width="30%"><b>Exception</b></td>
<td width="10%"><b>Time (seconds)</b></td>
<td><b>Instance</b></td>
</tr>
<tr>
<td title='com.infrrd.roostify.testcase.HomePageTestCase.checkEnablingOfGetMyOptionsButton()'><b>checkEnablingOfGetMyOptionsButton</b><br>Test class: com.infrrd.roostify.testcase.HomePageTestCase<br>Test method: Validating Get My Options is not enabled if madatory data is not filled<br/>
<a href="#Output-1659286984" onClick='toggleBox("Output-1659286984", this, "Show output", "Hide output");'>Show output</a>

<a href="#Output-1659286984" onClick="toggleAllBoxes();">Show all outputs</a>
<div class='log' id="Output-1659286984">
Starting test: Validating Get My Options is not enabled if madatory data is not filled<br/>
Not able to locate element By.xpath: //button[contains(text(),'Get My options')] due to org.openqa.selenium.TimeoutException: Expected condition failed: waiting for visibility of element located by By.xpath: //button[contains(text(),'Get My options')] (tried for 10 second(s) with 500 MILLISECONDS interval)<br/>
File path: C:\Users\E6430\Desktop\GitHub\roostify\src\test\resources\screenshots\24-10-2017_17-51-35-checkEnablingOfGetMyOptionsButton.png<br/>
<a href="C:\Users\E6430\Desktop\GitHub\roostify\src\test\resources\screenshots\24-10-2017_17-51-35-checkEnablingOfGetMyOptionsButton.png"><img src="file:///C:\Users\E6430\Desktop\GitHub\roostify\src\test\resources\screenshots\24-10-2017_17-51-35-checkEnablingOfGetMyOptionsButton.png" alt=""height='100' width='100'/> <br /><br/>
Capturing image: C:\Users\E6430\Desktop\GitHub\roostify\src\test\resources\screenshots\24-10-2017_17-51-35-checkEnablingOfGetMyOptionsButton.png<br/>
Validating Get My Options is not enabled if madatory data is not filled-- Test failed
<br/>
</div>
</td>
<td><div><pre>java.lang.AssertionError: expected [true] but found [false]
	at com.infrrd.roostify.testcase.HomePageTestCase.checkEnablingOfGetMyOptionsButton(HomePageTestCase.java:86)
	at com.kroakyhub.testfrog.runner.TestFrog.run(TestFrog.java:30)
	at com.infrrd.roostify.runner.runner.main(runner.java:9)
... Removed 28 stack frames</pre></div><a href='#' onClick='toggleBox("stack-trace1659286984", this, "Click to show all stack frames", "Click to hide stack frames")'>Click to show all stack frames</a>
<div class='stack-trace' id='stack-trace1659286984'><pre>java.lang.AssertionError: expected [true] but found [false]
	at org.testng.Assert.fail(Assert.java:94)
	at org.testng.Assert.failNotEquals(Assert.java:513)
	at org.testng.Assert.assertEqualsImpl(Assert.java:135)
	at org.testng.Assert.assertEquals(Assert.java:116)
	at org.testng.Assert.assertEquals(Assert.java:305)
	at org.testng.Assert.assertEquals(Assert.java:315)
	at com.infrrd.roostify.testcase.HomePageTestCase.checkEnablingOfGetMyOptionsButton(HomePageTestCase.java:86)
	at sun.reflect.NativeMethodAccessorImpl.invoke0(Native Method)
	at sun.reflect.NativeMethodAccessorImpl.invoke(NativeMethodAccessorImpl.java:62)
	at sun.reflect.DelegatingMethodAccessorImpl.invoke(DelegatingMethodAccessorImpl.java:43)
	at java.lang.reflect.Method.invoke(Method.java:498)
	at org.testng.internal.MethodInvocationHelper.invokeMethod(MethodInvocationHelper.java:104)
	at org.testng.internal.Invoker.invokeMethod(Invoker.java:645)
	at org.testng.internal.Invoker.invokeTestMethod(Invoker.java:851)
	at org.testng.internal.Invoker.invokeTestMethods(Invoker.java:1177)
	at org.testng.internal.TestMethodWorker.invokeTestMethods(TestMethodWorker.java:129)
	at org.testng.internal.TestMethodWorker.run(TestMethodWorker.java:112)
	at org.testng.TestRunner.privateRun(TestRunner.java:756)
	at org.testng.TestRunner.run(TestRunner.java:610)
	at org.testng.SuiteRunner.runTest(SuiteRunner.java:387)
	at org.testng.SuiteRunner.runSequentially(SuiteRunner.java:382)
	at org.testng.SuiteRunner.privateRun(SuiteRunner.java:340)
	at org.testng.SuiteRunner.run(SuiteRunner.java:289)
	at org.testng.SuiteRunnerWorker.runSuite(SuiteRunnerWorker.java:52)
	at org.testng.SuiteRunnerWorker.run(SuiteRunnerWorker.java:86)
	at org.testng.TestNG.runSuitesSequentially(TestNG.java:1293)
	at org.testng.TestNG.runSuitesLocally(TestNG.java:1218)
	at org.testng.TestNG.runSuites(TestNG.java:1133)
	at org.testng.TestNG.run(TestNG.java:1104)
	at com.kroakyhub.testfrog.runner.TestFrog.run(TestFrog.java:30)
	at com.infrrd.roostify.runner.runner.main(runner.java:9)
</pre></div></td>
<td>12</td>
<td>com.infrrd.roostify.testcase.HomePageTestCase@c730b35</td></tr>
<tr>
<td title='com.infrrd.roostify.testcase.HomePageTestCase.validateOtherOptimizations()'><b>validateOtherOptimizations</b><br>Test class: com.infrrd.roostify.testcase.HomePageTestCase<br>Test method: Validating other optimizations section<br/>
<a href="#Output-119112899" onClick='toggleBox("Output-119112899", this, "Show output", "Hide output");'>Show output</a>

<a href="#Output-119112899" onClick="toggleAllBoxes();">Show all outputs</a>
<div class='log' id="Output-119112899">
Starting test: Validating other optimizations section<br/>
Changed value of element: [[ChromeDriver: chrome on XP (7f8941992d237241dcdb5d728908bd87)] -> xpath: //*[@aria-label ='Purchase Price']]<br/>
Changed value of element: [[ChromeDriver: chrome on XP (7f8941992d237241dcdb5d728908bd87)] -> xpath: //*[@aria-label='Where is the property?']]<br/>
Clicked on element: [[ChromeDriver: chrome on XP (7f8941992d237241dcdb5d728908bd87)] -> xpath: //*[@aria-label='Where is the property?']/following-sibling::div[@class='sb-zipcode-wrapper']//*[@role='option'][1]//li]<br/>
Clicked on element: [[ChromeDriver: chrome on XP (7f8941992d237241dcdb5d728908bd87)] -> xpath: //*[@class='sb-advance-wrapper']]<br/>
Clicked on element: [[ChromeDriver: chrome on XP (7f8941992d237241dcdb5d728908bd87)] -> xpath: //*[@for ='first_time_home_buyer']]<br/>
Clicked on element: [[ChromeDriver: chrome on XP (7f8941992d237241dcdb5d728908bd87)] -> xpath: //*[@for ='military_service']]<br/>
Changed value of element: [[ChromeDriver: chrome on XP (7f8941992d237241dcdb5d728908bd87)] -> xpath: //*[@aria-label='Monthly HOA Fees']]<br/>
Not able to locate element By.xpath: //button[contains(text(),'Get My options')] due to org.openqa.selenium.TimeoutException: Expected condition failed: waiting for visibility of element located by By.xpath: //button[contains(text(),'Get My options')] (tried for 10 second(s) with 500 MILLISECONDS interval)<br/>
File path: C:\Users\E6430\Desktop\GitHub\roostify\src\test\resources\screenshots\24-10-2017_17-51-50-validateOtherOptimizations.png<br/>
<a href="C:\Users\E6430\Desktop\GitHub\roostify\src\test\resources\screenshots\24-10-2017_17-51-50-validateOtherOptimizations.png"><img src="file:///C:\Users\E6430\Desktop\GitHub\roostify\src\test\resources\screenshots\24-10-2017_17-51-50-validateOtherOptimizations.png" alt=""height='100' width='100'/> <br /><br/>
Capturing image: C:\Users\E6430\Desktop\GitHub\roostify\src\test\resources\screenshots\24-10-2017_17-51-50-validateOtherOptimizations.png<br/>
Validating other optimizations section-- Test failed
<br/>
</div>
</td>
<td><div><pre>java.lang.AssertionError: expected [true] but found [false]
	at com.infrrd.roostify.testcase.HomePageTestCase.validateOtherOptimizations(HomePageTestCase.java:72)
	at com.kroakyhub.testfrog.runner.TestFrog.run(TestFrog.java:30)
	at com.infrrd.roostify.runner.runner.main(runner.java:9)
... Removed 28 stack frames</pre></div><a href='#' onClick='toggleBox("stack-trace119112899", this, "Click to show all stack frames", "Click to hide stack frames")'>Click to show all stack frames</a>
<div class='stack-trace' id='stack-trace119112899'><pre>java.lang.AssertionError: expected [true] but found [false]
	at org.testng.Assert.fail(Assert.java:94)
	at org.testng.Assert.failNotEquals(Assert.java:513)
	at org.testng.Assert.assertEqualsImpl(Assert.java:135)
	at org.testng.Assert.assertEquals(Assert.java:116)
	at org.testng.Assert.assertEquals(Assert.java:305)
	at org.testng.Assert.assertEquals(Assert.java:315)
	at com.infrrd.roostify.testcase.HomePageTestCase.validateOtherOptimizations(HomePageTestCase.java:72)
	at sun.reflect.NativeMethodAccessorImpl.invoke0(Native Method)
	at sun.reflect.NativeMethodAccessorImpl.invoke(NativeMethodAccessorImpl.java:62)
	at sun.reflect.DelegatingMethodAccessorImpl.invoke(DelegatingMethodAccessorImpl.java:43)
	at java.lang.reflect.Method.invoke(Method.java:498)
	at org.testng.internal.MethodInvocationHelper.invokeMethod(MethodInvocationHelper.java:104)
	at org.testng.internal.Invoker.invokeMethod(Invoker.java:645)
	at org.testng.internal.Invoker.invokeTestMethod(Invoker.java:851)
	at org.testng.internal.Invoker.invokeTestMethods(Invoker.java:1177)
	at org.testng.internal.TestMethodWorker.invokeTestMethods(TestMethodWorker.java:129)
	at org.testng.internal.TestMethodWorker.run(TestMethodWorker.java:112)
	at org.testng.TestRunner.privateRun(TestRunner.java:756)
	at org.testng.TestRunner.run(TestRunner.java:610)
	at org.testng.SuiteRunner.runTest(SuiteRunner.java:387)
	at org.testng.SuiteRunner.runSequentially(SuiteRunner.java:382)
	at org.testng.SuiteRunner.privateRun(SuiteRunner.java:340)
	at org.testng.SuiteRunner.run(SuiteRunner.java:289)
	at org.testng.SuiteRunnerWorker.runSuite(SuiteRunnerWorker.java:52)
	at org.testng.SuiteRunnerWorker.run(SuiteRunnerWorker.java:86)
	at org.testng.TestNG.runSuitesSequentially(TestNG.java:1293)
	at org.testng.TestNG.runSuitesLocally(TestNG.java:1218)
	at org.testng.TestNG.runSuites(TestNG.java:1133)
	at org.testng.TestNG.run(TestNG.java:1104)
	at com.kroakyhub.testfrog.runner.TestFrog.run(TestFrog.java:30)
	at com.infrrd.roostify.runner.runner.main(runner.java:9)
</pre></div></td>
<td>13</td>
<td>com.infrrd.roostify.testcase.HomePageTestCase@c730b35</td></tr>
<tr>
<td title='com.infrrd.roostify.testcase.HomePageTestCase.validatingLeadForm()'><b>validatingLeadForm</b><br>Test class: com.infrrd.roostify.testcase.HomePageTestCase<br>Test method: Validating Lead form upon clicking get this loan button <br/>
<a href="#Output-1373949107" onClick='toggleBox("Output-1373949107", this, "Show output", "Hide output");'>Show output</a>

<a href="#Output-1373949107" onClick="toggleAllBoxes();">Show all outputs</a>
<div class='log' id="Output-1373949107">
Starting test: Validating Lead form upon clicking get this loan button <br/>
Changed value of element: [[ChromeDriver: chrome on XP (7f8941992d237241dcdb5d728908bd87)] -> xpath: //*[@aria-label ='Purchase Price']]<br/>
Changed value of element: [[ChromeDriver: chrome on XP (7f8941992d237241dcdb5d728908bd87)] -> xpath: //*[@aria-label='Where is the property?']]<br/>
Clicked on element: [[ChromeDriver: chrome on XP (7f8941992d237241dcdb5d728908bd87)] -> xpath: //*[@aria-label='Where is the property?']/following-sibling::div[@class='sb-zipcode-wrapper']//*[@role='option'][1]//li]<br/>
Clicked on element: [[ChromeDriver: chrome on XP (7f8941992d237241dcdb5d728908bd87)] -> xpath: //*[@class='sb-advance-wrapper']]<br/>
Clicked on element: [[ChromeDriver: chrome on XP (7f8941992d237241dcdb5d728908bd87)] -> xpath: //*[@for ='first_time_home_buyer']]<br/>
Clicked on element: [[ChromeDriver: chrome on XP (7f8941992d237241dcdb5d728908bd87)] -> xpath: //*[@for ='military_service']]<br/>
Changed value of element: [[ChromeDriver: chrome on XP (7f8941992d237241dcdb5d728908bd87)] -> xpath: //*[@aria-label='Monthly HOA Fees']]<br/>
Not able to locate element By.xpath: //button[contains(text(),'Get My options')] due to org.openqa.selenium.TimeoutException: Expected condition failed: waiting for visibility of element located by By.xpath: //button[contains(text(),'Get My options')] (tried for 10 second(s) with 500 MILLISECONDS interval)<br/>
File path: C:\Users\E6430\Desktop\GitHub\roostify\src\test\resources\screenshots\24-10-2017_17-52-09-validatingLeadForm.png<br/>
<a href="C:\Users\E6430\Desktop\GitHub\roostify\src\test\resources\screenshots\24-10-2017_17-52-09-validatingLeadForm.png"><img src="file:///C:\Users\E6430\Desktop\GitHub\roostify\src\test\resources\screenshots\24-10-2017_17-52-09-validatingLeadForm.png" alt=""height='100' width='100'/> <br /><br/>
Capturing image: C:\Users\E6430\Desktop\GitHub\roostify\src\test\resources\screenshots\24-10-2017_17-52-09-validatingLeadForm.png<br/>
Validating Lead form upon clicking get this loan button -- Test failed
<br/>
</div>
</td>
<td><div><pre>java.lang.AssertionError: expected [true] but found [false]
	at com.infrrd.roostify.testcase.HomePageTestCase.validatingLeadForm(HomePageTestCase.java:79)
	at com.kroakyhub.testfrog.runner.TestFrog.run(TestFrog.java:30)
	at com.infrrd.roostify.runner.runner.main(runner.java:9)
... Removed 28 stack frames</pre></div><a href='#' onClick='toggleBox("stack-trace1373949107", this, "Click to show all stack frames", "Click to hide stack frames")'>Click to show all stack frames</a>
<div class='stack-trace' id='stack-trace1373949107'><pre>java.lang.AssertionError: expected [true] but found [false]
	at org.testng.Assert.fail(Assert.java:94)
	at org.testng.Assert.failNotEquals(Assert.java:513)
	at org.testng.Assert.assertEqualsImpl(Assert.java:135)
	at org.testng.Assert.assertEquals(Assert.java:116)
	at org.testng.Assert.assertEquals(Assert.java:305)
	at org.testng.Assert.assertEquals(Assert.java:315)
	at com.infrrd.roostify.testcase.HomePageTestCase.validatingLeadForm(HomePageTestCase.java:79)
	at sun.reflect.NativeMethodAccessorImpl.invoke0(Native Method)
	at sun.reflect.NativeMethodAccessorImpl.invoke(NativeMethodAccessorImpl.java:62)
	at sun.reflect.DelegatingMethodAccessorImpl.invoke(DelegatingMethodAccessorImpl.java:43)
	at java.lang.reflect.Method.invoke(Method.java:498)
	at org.testng.internal.MethodInvocationHelper.invokeMethod(MethodInvocationHelper.java:104)
	at org.testng.internal.Invoker.invokeMethod(Invoker.java:645)
	at org.testng.internal.Invoker.invokeTestMethod(Invoker.java:851)
	at org.testng.internal.Invoker.invokeTestMethods(Invoker.java:1177)
	at org.testng.internal.TestMethodWorker.invokeTestMethods(TestMethodWorker.java:129)
	at org.testng.internal.TestMethodWorker.run(TestMethodWorker.java:112)
	at org.testng.TestRunner.privateRun(TestRunner.java:756)
	at org.testng.TestRunner.run(TestRunner.java:610)
	at org.testng.SuiteRunner.runTest(SuiteRunner.java:387)
	at org.testng.SuiteRunner.runSequentially(SuiteRunner.java:382)
	at org.testng.SuiteRunner.privateRun(SuiteRunner.java:340)
	at org.testng.SuiteRunner.run(SuiteRunner.java:289)
	at org.testng.SuiteRunnerWorker.runSuite(SuiteRunnerWorker.java:52)
	at org.testng.SuiteRunnerWorker.run(SuiteRunnerWorker.java:86)
	at org.testng.TestNG.runSuitesSequentially(TestNG.java:1293)
	at org.testng.TestNG.runSuitesLocally(TestNG.java:1218)
	at org.testng.TestNG.runSuites(TestNG.java:1133)
	at org.testng.TestNG.run(TestNG.java:1104)
	at com.kroakyhub.testfrog.runner.TestFrog.run(TestFrog.java:30)
	at com.infrrd.roostify.runner.runner.main(runner.java:9)
</pre></div></td>
<td>13</td>
<td>com.infrrd.roostify.testcase.HomePageTestCase@c730b35</td></tr>
</table><p>
<table width='100%' border='1' class='invocation-passed'>
<tr><td colspan='4' align='center'><b>PASSED TESTS</b></td></tr>
<tr><td><b>Test method</b></td>
<td width="30%"><b>Exception</b></td>
<td width="10%"><b>Time (seconds)</b></td>
<td><b>Instance</b></td>
</tr>
<tr>
<td title='com.infrrd.roostify.testcase.HomePageTestCase.validateZipCodeError()'><b>validateZipCodeError</b><br>Test class: com.infrrd.roostify.testcase.HomePageTestCase<br>Test method: Validating Zip code error block<br/>
<a href="#Output-224060798" onClick='toggleBox("Output-224060798", this, "Show output", "Hide output");'>Show output</a>

<a href="#Output-224060798" onClick="toggleAllBoxes();">Show all outputs</a>
<div class='log' id="Output-224060798">
Starting test: Validating Zip code error block<br/>
Changed value of element: [[ChromeDriver: chrome on XP (7f8941992d237241dcdb5d728908bd87)] -> xpath: //*[@aria-label='Where is the property?']]<br/>
File path: C:\Users\E6430\Desktop\GitHub\roostify\src\test\resources\screenshots\24-10-2017_17-51-52-validateZipCodeError.png<br/>
<a href="C:\Users\E6430\Desktop\GitHub\roostify\src\test\resources\screenshots\24-10-2017_17-51-52-validateZipCodeError.png"><img src="file:///C:\Users\E6430\Desktop\GitHub\roostify\src\test\resources\screenshots\24-10-2017_17-51-52-validateZipCodeError.png" alt=""height='100' width='100'/> <br /><br/>
Capturing image: C:\Users\E6430\Desktop\GitHub\roostify\src\test\resources\screenshots\24-10-2017_17-51-52-validateZipCodeError.png<br/>
Validating Zip code error block-- Test passed
<br/>
</div>
</td>
<td></td>
<td>1</td>
<td>com.infrrd.roostify.testcase.HomePageTestCase@c730b35</td></tr>
<tr>
<td title='com.infrrd.roostify.testcase.HomePageTestCase.validateZipCodeLookUp()'><b>validateZipCodeLookUp</b><br>Test class: com.infrrd.roostify.testcase.HomePageTestCase<br>Test method: Validate zip code look up container<br/>
<a href="#Output-754527431" onClick='toggleBox("Output-754527431", this, "Show output", "Hide output");'>Show output</a>

<a href="#Output-754527431" onClick="toggleAllBoxes();">Show all outputs</a>
<div class='log' id="Output-754527431">
Starting test: Validate zip code look up container<br/>
Changed value of element: [[ChromeDriver: chrome on XP (7f8941992d237241dcdb5d728908bd87)] -> xpath: //*[@aria-label='Where is the property?']]<br/>
Changed value of element: [[ChromeDriver: chrome on XP (7f8941992d237241dcdb5d728908bd87)] -> xpath: //*[@aria-label='Where is the property?']]<br/>
Changed value of element: [[ChromeDriver: chrome on XP (7f8941992d237241dcdb5d728908bd87)] -> xpath: //*[@aria-label='Where is the property?']]<br/>
Changed value of element: [[ChromeDriver: chrome on XP (7f8941992d237241dcdb5d728908bd87)] -> xpath: //*[@aria-label='Where is the property?']]<br/>
Changed value of element: [[ChromeDriver: chrome on XP (7f8941992d237241dcdb5d728908bd87)] -> xpath: //*[@aria-label='Where is the property?']]<br/>
Changed value of element: [[ChromeDriver: chrome on XP (7f8941992d237241dcdb5d728908bd87)] -> xpath: //*[@aria-label='Where is the property?']]<br/>
File path: C:\Users\E6430\Desktop\GitHub\roostify\src\test\resources\screenshots\24-10-2017_17-51-55-validateZipCodeLookUp.png<br/>
<a href="C:\Users\E6430\Desktop\GitHub\roostify\src\test\resources\screenshots\24-10-2017_17-51-55-validateZipCodeLookUp.png"><img src="file:///C:\Users\E6430\Desktop\GitHub\roostify\src\test\resources\screenshots\24-10-2017_17-51-55-validateZipCodeLookUp.png" alt=""height='100' width='100'/> <br /><br/>
Capturing image: C:\Users\E6430\Desktop\GitHub\roostify\src\test\resources\screenshots\24-10-2017_17-51-55-validateZipCodeLookUp.png<br/>
Validate zip code look up container-- Test passed
<br/>
</div>
</td>
<td></td>
<td>2</td>
<td>com.infrrd.roostify.testcase.HomePageTestCase@c730b35</td></tr>
</table><p>
</body>
</html>