<h2>Reporter output</h2><table><tr><td>Test suite has started</td></tr>
<tr><td>Starting test: Validating Get My Options is not enabled if madatory data is not filled</td></tr>
<tr><td>Not able to locate element By.xpath: //button[contains(text(),'Get My options')] due to org.openqa.selenium.TimeoutException: Expected condition failed: waiting for visibility of element located by By.xpath: //button[contains(text(),'Get My options')] (tried for 10 second(s) with 500 MILLISECONDS interval)</td></tr>
<tr><td>File path: C:\Users\E6430\Desktop\GitHub\roostify\src\test\resources\screenshots\24-10-2017_17-51-35-checkEnablingOfGetMyOptionsButton.png</td></tr>
<tr><td><a href="C:\Users\E6430\Desktop\GitHub\roostify\src\test\resources\screenshots\24-10-2017_17-51-35-checkEnablingOfGetMyOptionsButton.png"><img src="file:///C:\Users\E6430\Desktop\GitHub\roostify\src\test\resources\screenshots\24-10-2017_17-51-35-checkEnablingOfGetMyOptionsButton.png" alt=""height='100' width='100'/> <br /></td></tr>
<tr><td>Capturing image: C:\Users\E6430\Desktop\GitHub\roostify\src\test\resources\screenshots\24-10-2017_17-51-35-checkEnablingOfGetMyOptionsButton.png</td></tr>
<tr><td>Validating Get My Options is not enabled if madatory data is not filled-- Test failed
</td></tr>
<tr><td>Starting test: Validating other optimizations section</td></tr>
<tr><td>Changed value of element: [[ChromeDriver: chrome on XP (7f8941992d237241dcdb5d728908bd87)] -> xpath: //*[@aria-label ='Purchase Price']]</td></tr>
<tr><td>Changed value of element: [[ChromeDriver: chrome on XP (7f8941992d237241dcdb5d728908bd87)] -> xpath: //*[@aria-label='Where is the property?']]</td></tr>
<tr><td>Clicked on element: [[ChromeDriver: chrome on XP (7f8941992d237241dcdb5d728908bd87)] -> xpath: //*[@aria-label='Where is the property?']/following-sibling::div[@class='sb-zipcode-wrapper']//*[@role='option'][1]//li]</td></tr>
<tr><td>Clicked on element: [[ChromeDriver: chrome on XP (7f8941992d237241dcdb5d728908bd87)] -> xpath: //*[@class='sb-advance-wrapper']]</td></tr>
<tr><td>Clicked on element: [[ChromeDriver: chrome on XP (7f8941992d237241dcdb5d728908bd87)] -> xpath: //*[@for ='first_time_home_buyer']]</td></tr>
<tr><td>Clicked on element: [[ChromeDriver: chrome on XP (7f8941992d237241dcdb5d728908bd87)] -> xpath: //*[@for ='military_service']]</td></tr>
<tr><td>Changed value of element: [[ChromeDriver: chrome on XP (7f8941992d237241dcdb5d728908bd87)] -> xpath: //*[@aria-label='Monthly HOA Fees']]</td></tr>
<tr><td>Not able to locate element By.xpath: //button[contains(text(),'Get My options')] due to org.openqa.selenium.TimeoutException: Expected condition failed: waiting for visibility of element located by By.xpath: //button[contains(text(),'Get My options')] (tried for 10 second(s) with 500 MILLISECONDS interval)</td></tr>
<tr><td>File path: C:\Users\E6430\Desktop\GitHub\roostify\src\test\resources\screenshots\24-10-2017_17-51-50-validateOtherOptimizations.png</td></tr>
<tr><td><a href="C:\Users\E6430\Desktop\GitHub\roostify\src\test\resources\screenshots\24-10-2017_17-51-50-validateOtherOptimizations.png"><img src="file:///C:\Users\E6430\Desktop\GitHub\roostify\src\test\resources\screenshots\24-10-2017_17-51-50-validateOtherOptimizations.png" alt=""height='100' width='100'/> <br /></td></tr>
<tr><td>Capturing image: C:\Users\E6430\Desktop\GitHub\roostify\src\test\resources\screenshots\24-10-2017_17-51-50-validateOtherOptimizations.png</td></tr>
<tr><td>Validating other optimizations section-- Test failed
</td></tr>
<tr><td>Starting test: Validating Zip code error block</td></tr>
<tr><td>Changed value of element: [[ChromeDriver: chrome on XP (7f8941992d237241dcdb5d728908bd87)] -> xpath: //*[@aria-label='Where is the property?']]</td></tr>
<tr><td>File path: C:\Users\E6430\Desktop\GitHub\roostify\src\test\resources\screenshots\24-10-2017_17-51-52-validateZipCodeError.png</td></tr>
<tr><td><a href="C:\Users\E6430\Desktop\GitHub\roostify\src\test\resources\screenshots\24-10-2017_17-51-52-validateZipCodeError.png"><img src="file:///C:\Users\E6430\Desktop\GitHub\roostify\src\test\resources\screenshots\24-10-2017_17-51-52-validateZipCodeError.png" alt=""height='100' width='100'/> <br /></td></tr>
<tr><td>Capturing image: C:\Users\E6430\Desktop\GitHub\roostify\src\test\resources\screenshots\24-10-2017_17-51-52-validateZipCodeError.png</td></tr>
<tr><td>Validating Zip code error block-- Test passed
</td></tr>
<tr><td>Starting test: Validate zip code look up container</td></tr>
<tr><td>Changed value of element: [[ChromeDriver: chrome on XP (7f8941992d237241dcdb5d728908bd87)] -> xpath: //*[@aria-label='Where is the property?']]</td></tr>
<tr><td>Changed value of element: [[ChromeDriver: chrome on XP (7f8941992d237241dcdb5d728908bd87)] -> xpath: //*[@aria-label='Where is the property?']]</td></tr>
<tr><td>Changed value of element: [[ChromeDriver: chrome on XP (7f8941992d237241dcdb5d728908bd87)] -> xpath: //*[@aria-label='Where is the property?']]</td></tr>
<tr><td>Changed value of element: [[ChromeDriver: chrome on XP (7f8941992d237241dcdb5d728908bd87)] -> xpath: //*[@aria-label='Where is the property?']]</td></tr>
<tr><td>Changed value of element: [[ChromeDriver: chrome on XP (7f8941992d237241dcdb5d728908bd87)] -> xpath: //*[@aria-label='Where is the property?']]</td></tr>
<tr><td>Changed value of element: [[ChromeDriver: chrome on XP (7f8941992d237241dcdb5d728908bd87)] -> xpath: //*[@aria-label='Where is the property?']]</td></tr>
<tr><td>File path: C:\Users\E6430\Desktop\GitHub\roostify\src\test\resources\screenshots\24-10-2017_17-51-55-validateZipCodeLookUp.png</td></tr>
<tr><td><a href="C:\Users\E6430\Desktop\GitHub\roostify\src\test\resources\screenshots\24-10-2017_17-51-55-validateZipCodeLookUp.png"><img src="file:///C:\Users\E6430\Desktop\GitHub\roostify\src\test\resources\screenshots\24-10-2017_17-51-55-validateZipCodeLookUp.png" alt=""height='100' width='100'/> <br /></td></tr>
<tr><td>Capturing image: C:\Users\E6430\Desktop\GitHub\roostify\src\test\resources\screenshots\24-10-2017_17-51-55-validateZipCodeLookUp.png</td></tr>
<tr><td>Validate zip code look up container-- Test passed
</td></tr>
<tr><td>Starting test: Validating Lead form upon clicking get this loan button </td></tr>
<tr><td>Changed value of element: [[ChromeDriver: chrome on XP (7f8941992d237241dcdb5d728908bd87)] -> xpath: //*[@aria-label ='Purchase Price']]</td></tr>
<tr><td>Changed value of element: [[ChromeDriver: chrome on XP (7f8941992d237241dcdb5d728908bd87)] -> xpath: //*[@aria-label='Where is the property?']]</td></tr>
<tr><td>Clicked on element: [[ChromeDriver: chrome on XP (7f8941992d237241dcdb5d728908bd87)] -> xpath: //*[@aria-label='Where is the property?']/following-sibling::div[@class='sb-zipcode-wrapper']//*[@role='option'][1]//li]</td></tr>
<tr><td>Clicked on element: [[ChromeDriver: chrome on XP (7f8941992d237241dcdb5d728908bd87)] -> xpath: //*[@class='sb-advance-wrapper']]</td></tr>
<tr><td>Clicked on element: [[ChromeDriver: chrome on XP (7f8941992d237241dcdb5d728908bd87)] -> xpath: //*[@for ='first_time_home_buyer']]</td></tr>
<tr><td>Clicked on element: [[ChromeDriver: chrome on XP (7f8941992d237241dcdb5d728908bd87)] -> xpath: //*[@for ='military_service']]</td></tr>
<tr><td>Changed value of element: [[ChromeDriver: chrome on XP (7f8941992d237241dcdb5d728908bd87)] -> xpath: //*[@aria-label='Monthly HOA Fees']]</td></tr>
<tr><td>Not able to locate element By.xpath: //button[contains(text(),'Get My options')] due to org.openqa.selenium.TimeoutException: Expected condition failed: waiting for visibility of element located by By.xpath: //button[contains(text(),'Get My options')] (tried for 10 second(s) with 500 MILLISECONDS interval)</td></tr>
<tr><td>File path: C:\Users\E6430\Desktop\GitHub\roostify\src\test\resources\screenshots\24-10-2017_17-52-09-validatingLeadForm.png</td></tr>
<tr><td><a href="C:\Users\E6430\Desktop\GitHub\roostify\src\test\resources\screenshots\24-10-2017_17-52-09-validatingLeadForm.png"><img src="file:///C:\Users\E6430\Desktop\GitHub\roostify\src\test\resources\screenshots\24-10-2017_17-52-09-validatingLeadForm.png" alt=""height='100' width='100'/> <br /></td></tr>
<tr><td>Capturing image: C:\Users\E6430\Desktop\GitHub\roostify\src\test\resources\screenshots\24-10-2017_17-52-09-validatingLeadForm.png</td></tr>
<tr><td>Validating Lead form upon clicking get this loan button -- Test failed
</td></tr>
</table>